info it worked if it ends with ok
verbose cli [ '/usr/bin/nodejs', '/usr/bin/npm', 'install', '-g', 'mocha' ]
info using npm@1.1.4
info using node@v0.6.19
verbose config file /home/johnspirit/.npmrc
verbose config file /usr/etc/npmrc
verbose config file /usr/share/npm/npmrc
silly exec /usr/bin/nodejs "/usr/share/npm/bin/npm-get-uid-gid.js" "nobody" 1000
silly spawning [ '/usr/bin/nodejs',
silly spawning   [ '/usr/share/npm/bin/npm-get-uid-gid.js', 'nobody', 1000 ],
silly spawning   null ]
silly output from getuid/gid {"uid":65534,"gid":1000}
silly output from getuid/gid 
verbose cache add [ 'mocha', null ]
silly cache add: name, spec, args [ undefined, 'mocha', [ 'mocha', null ] ]
verbose parsed url { pathname: 'mocha', path: 'mocha', href: 'mocha' }
verbose addNamed [ 'mocha', '' ]
verbose addNamed [ null, '' ]
silly name, range, hasData [ 'mocha', '', false ]
verbose raw, before any munging mocha
verbose url resolving [ 'https://registry.npmjs.org/', './mocha' ]
verbose url resolved https://registry.npmjs.org/mocha
http GET https://registry.npmjs.org/mocha
ERR! Error: failed to fetch from registry: mocha
ERR!     at /usr/share/npm/lib/utils/npm-registry-client/get.js:139:12
ERR!     at cb (/usr/share/npm/lib/utils/npm-registry-client/request.js:31:9)
ERR!     at Request._callback (/usr/share/npm/lib/utils/npm-registry-client/request.js:136:18)
ERR!     at Request.callback (/usr/lib/nodejs/request/main.js:119:22)
ERR!     at Request.<anonymous> (/usr/lib/nodejs/request/main.js:212:58)
ERR!     at Request.emit (events.js:88:20)
ERR!     at ClientRequest.<anonymous> (/usr/lib/nodejs/request/main.js:412:12)
ERR!     at ClientRequest.g (events.js:156:14)
ERR!     at ClientRequest.emit (events.js:67:17)
ERR!     at HTTPParser.parserOnIncomingClient [as onIncoming] (http.js:1256:7)
ERR! You may report this log at:
ERR!     <http://bugs.debian.org/npm>
ERR! or use
ERR!     reportbug --attach /home/johnspirit/Escritorio/Practicas PL/Practica1PL/npm-debug.log npm
ERR! 
ERR! System Linux 3.5.0-44-generic
ERR! command "/usr/bin/nodejs" "/usr/bin/npm" "install" "-g" "mocha"
ERR! cwd /home/johnspirit/Escritorio/Practicas PL/Practica1PL
ERR! node -v v0.6.19
ERR! npm -v 1.1.4
ERR! message failed to fetch from registry: mocha
verbose exit [ 1, true ]
